SF:lib/models/registration/registration_model.dart
DA:30,1
DA:31,1
LF:2
LH:2
end_of_record
SF:lib/models/registration/registration_model.g.dart
DA:9,1
DA:10,1
DA:11,1
DA:12,1
DA:13,1
DA:14,1
DA:15,2
DA:16,1
DA:17,1
DA:19,2
DA:20,1
DA:21,1
DA:22,3
DA:23,1
DA:24,1
DA:26,1
DA:27,1
DA:30,1
DA:32,1
DA:33,1
DA:34,1
DA:35,1
DA:36,1
DA:37,2
DA:38,1
DA:39,2
DA:40,1
DA:41,5
DA:42,2
LF:29
LH:29
end_of_record
SF:lib/models/address/address_model.dart
DA:13,1
DA:14,1
DA:25,1
DA:26,1
LF:4
LH:4
end_of_record
SF:lib/models/address/address_model.g.dart
DA:9,1
DA:10,1
DA:11,1
DA:12,1
DA:15,1
DA:16,1
DA:17,1
DA:18,1
DA:21,1
DA:22,1
DA:23,2
DA:24,2
DA:25,1
DA:28,1
DA:29,1
DA:30,1
DA:31,1
DA:32,1
LF:18
LH:18
end_of_record
SF:lib/models/dynamic_forms/additional_fields/additional_fields_model.dart
DA:17,1
DA:18,1
DA:28,1
DA:29,1
LF:4
LH:4
end_of_record
SF:lib/models/dynamic_forms/additional_fields/additional_fields_model.g.dart
DA:9,1
DA:11,1
DA:12,1
DA:13,1
DA:14,1
DA:15,2
DA:16,1
DA:17,1
DA:20,1
DA:22,1
DA:23,1
DA:24,1
DA:25,5
DA:28,1
DA:30,1
DA:31,1
DA:32,1
DA:35,1
DA:37,1
DA:38,1
DA:39,1
LF:21
LH:21
end_of_record
SF:lib/models/individual/individual_model.dart
DA:26,1
DA:27,1
DA:38,1
DA:39,1
LF:4
LH:4
end_of_record
SF:lib/models/individual/individual_model.g.dart
DA:9,1
DA:10,1
DA:11,1
DA:12,1
DA:13,2
DA:14,1
DA:15,1
DA:16,2
DA:17,1
DA:18,1
DA:19,1
DA:21,1
DA:22,1
DA:25,1
DA:26,1
DA:27,1
DA:28,1
DA:29,2
DA:30,1
DA:31,5
DA:32,2
DA:41,1
DA:43,1
DA:44,2
DA:45,1
DA:48,1
DA:50,1
DA:51,2
DA:52,1
LF:29
LH:29
end_of_record
